Arguments: 
  /home/genesys/.nvm/versions/node/v16.11.1/bin/node /home/genesys/.yarn/bin/yarn.js add gulp gulp-sass node-sass browser-sync @babel/core @babel/presets-env vinyl-source-stream gulp-file-include

PATH: 
  /home/genesys/.yarn/bin:/home/genesys/.config/yarn/global/node_modules/.bin:/home/genesys/.nvm/versions/node/v16.11.1/bin:/usr/local/sbin:/usr/local/bin:/usr/sbin:/usr/bin:/sbin:/bin:/usr/games:/usr/local/games:/mnt/c/Program Files (x86)/Common Files/Intel/Shared Libraries/redist/intel64/compiler:/mnt/c/Python39/Scripts/:/mnt/c/Python39/:/mnt/c/Windows/system32:/mnt/c/Windows:/mnt/c/Windows/System32/Wbem:/mnt/c/Windows/System32/WindowsPowerShell/v1.0/:/mnt/c/Windows/System32/OpenSSH/:/mnt/c/Program Files/Microsoft VS Code/bin:/mnt/c/Program Files/nodejs/:/mnt/c/ProgramData/chocolatey/bin:/mnt/c/Program Files/Git/cmd:/mnt/c/Program Files (x86)/NVIDIA Corporation/PhysX/Common:/mnt/c/Program Files/NVIDIA Corporation/NVIDIA NvDLISR:/mnt/c/Users/2Br/AppData/Local/Microsoft/WindowsApps:/mnt/c/Users/2Br/AppData/Roaming/npm:/snap/bin

Yarn version: 
  1.22.17

Node version: 
  16.11.1

Platform: 
  linux x64

Trace: 
  Error: https://registry.yarnpkg.com/@babel%2fpresets-env: Not found
      at Request.params.callback [as _callback] (/home/genesys/.yarn/lib/cli.js:67029:18)
      at Request.self.callback (/home/genesys/.yarn/lib/cli.js:140883:22)
      at Request.emit (node:events:390:28)
      at Request.<anonymous> (/home/genesys/.yarn/lib/cli.js:141855:10)
      at Request.emit (node:events:390:28)
      at IncomingMessage.<anonymous> (/home/genesys/.yarn/lib/cli.js:141777:12)
      at Object.onceWrapper (node:events:509:28)
      at IncomingMessage.emit (node:events:402:35)
      at endReadableNT (node:internal/streams/readable:1343:12)
      at processTicksAndRejections (node:internal/process/task_queues:83:21)

npm manifest: 
  {
    "name": "fsinzak-layout",
    "version": "1.0.0",
    "description": "Fsinzak website layout",
    "main": "index.js",
    "license": "MIT"
  }

yarn manifest: 
  No manifest

Lockfile: 
  No lockfile
